0 info it worked if it ends with ok
1 verbose cli [ '/usr/local/Cellar/node/5.10.0/bin/node',
1 verbose cli   '/usr/local/bin/npm',
1 verbose cli   'install' ]
2 info using npm@3.8.3
3 info using node@v5.10.0
4 silly loadCurrentTree Starting
5 silly install loadCurrentTree
6 silly install readLocalPackageData
7 silly install normalizeTree
8 silly loadCurrentTree Finishing
9 silly loadIdealTree Starting
10 silly install loadIdealTree
11 silly cloneCurrentTree Starting
12 silly install cloneCurrentTreeToIdealTree
13 silly cloneCurrentTree Finishing
14 silly loadShrinkwrap Starting
15 silly install loadShrinkwrap
16 silly loadShrinkwrap Finishing
17 silly loadAllDepsIntoIdealTree Starting
18 silly install loadAllDepsIntoIdealTree
19 silly fetchDirectoryPackageData phoenix
20 silly fetchDirectoryPackageData phoenix_html
21 silly resolveWithNewModule phoenix@1.2.0 checking installable status
22 silly cache add args [ 'phoenix@file:deps/phoenix', null ]
23 verbose cache add spec phoenix@file:deps/phoenix
24 silly cache add parsed spec Result {
24 silly cache add   raw: 'phoenix@file:deps/phoenix',
24 silly cache add   scope: null,
24 silly cache add   name: 'phoenix',
24 silly cache add   rawSpec: 'file:deps/phoenix',
24 silly cache add   spec: '/Users/kon4244/dev/ex_store_locator/deps/phoenix',
24 silly cache add   type: 'directory' }
25 silly resolveWithNewModule phoenix_html@2.5.0 checking installable status
26 silly cache add args [ 'phoenix_html@file:deps/phoenix_html', null ]
27 verbose cache add spec phoenix_html@file:deps/phoenix_html
28 silly cache add parsed spec Result {
28 silly cache add   raw: 'phoenix_html@file:deps/phoenix_html',
28 silly cache add   scope: null,
28 silly cache add   name: 'phoenix_html',
28 silly cache add   rawSpec: 'file:deps/phoenix_html',
28 silly cache add   spec: '/Users/kon4244/dev/ex_store_locator/deps/phoenix_html',
28 silly cache add   type: 'directory' }
29 verbose addLocalDirectory /Users/kon4244/.npm/phoenix/1.2.0/package.tgz not in flight; packing
30 verbose correctMkdir /Users/kon4244/.npm correctMkdir not in flight; initializing
31 verbose addLocalDirectory /Users/kon4244/.npm/phoenix_html/2.5.0/package.tgz not in flight; packing
32 verbose correctMkdir /Users/kon4244/.npm correctMkdir not in flight; initializing
33 info lifecycle phoenix@1.2.0~prepublish: phoenix@1.2.0
34 info lifecycle phoenix_html@2.5.0~prepublish: phoenix_html@2.5.0
35 silly lifecycle phoenix@1.2.0~prepublish: no script for prepublish, continuing
36 silly lifecycle phoenix_html@2.5.0~prepublish: no script for prepublish, continuing
37 verbose tar pack [ '/Users/kon4244/.npm/phoenix/1.2.0/package.tgz',
37 verbose tar pack   '/Users/kon4244/dev/ex_store_locator/deps/phoenix' ]
38 verbose tarball /Users/kon4244/.npm/phoenix/1.2.0/package.tgz
39 verbose folder /Users/kon4244/dev/ex_store_locator/deps/phoenix
40 verbose tar pack [ '/Users/kon4244/.npm/phoenix_html/2.5.0/package.tgz',
40 verbose tar pack   '/Users/kon4244/dev/ex_store_locator/deps/phoenix_html' ]
41 verbose tarball /Users/kon4244/.npm/phoenix_html/2.5.0/package.tgz
42 verbose folder /Users/kon4244/dev/ex_store_locator/deps/phoenix_html
43 verbose addLocalTarball adding from inside cache /Users/kon4244/.npm/phoenix_html/2.5.0/package.tgz
44 verbose correctMkdir /Users/kon4244/.npm correctMkdir not in flight; initializing
45 silly cache afterAdd phoenix_html@2.5.0
46 verbose afterAdd /Users/kon4244/.npm/phoenix_html/2.5.0/package/package.json not in flight; writing
47 verbose correctMkdir /Users/kon4244/.npm correctMkdir not in flight; initializing
48 verbose afterAdd /Users/kon4244/.npm/phoenix_html/2.5.0/package/package.json written
49 verbose addLocalTarball adding from inside cache /Users/kon4244/.npm/phoenix/1.2.0/package.tgz
50 verbose correctMkdir /Users/kon4244/.npm correctMkdir not in flight; initializing
51 silly cache afterAdd phoenix@1.2.0
52 verbose afterAdd /Users/kon4244/.npm/phoenix/1.2.0/package/package.json not in flight; writing
53 verbose correctMkdir /Users/kon4244/.npm correctMkdir not in flight; initializing
54 verbose afterAdd /Users/kon4244/.npm/phoenix/1.2.0/package/package.json written
55 silly fetchNamedPackageData babel-brunch
56 silly mapToRegistry name babel-brunch
57 silly mapToRegistry using default registry
58 silly mapToRegistry registry http://npm.kroger.com/
59 silly mapToRegistry data Result {
59 silly mapToRegistry   raw: 'babel-brunch',
59 silly mapToRegistry   scope: null,
59 silly mapToRegistry   name: 'babel-brunch',
59 silly mapToRegistry   rawSpec: '',
59 silly mapToRegistry   spec: 'latest',
59 silly mapToRegistry   type: 'tag' }
60 silly mapToRegistry uri http://npm.kroger.com/babel-brunch
61 silly fetchNamedPackageData brunch
62 silly mapToRegistry name brunch
63 silly mapToRegistry using default registry
64 silly mapToRegistry registry http://npm.kroger.com/
65 silly mapToRegistry data Result {
65 silly mapToRegistry   raw: 'brunch',
65 silly mapToRegistry   scope: null,
65 silly mapToRegistry   name: 'brunch',
65 silly mapToRegistry   rawSpec: '',
65 silly mapToRegistry   spec: 'latest',
65 silly mapToRegistry   type: 'tag' }
66 silly mapToRegistry uri http://npm.kroger.com/brunch
67 silly fetchNamedPackageData clean-css-brunch
68 silly mapToRegistry name clean-css-brunch
69 silly mapToRegistry using default registry
70 silly mapToRegistry registry http://npm.kroger.com/
71 silly mapToRegistry data Result {
71 silly mapToRegistry   raw: 'clean-css-brunch',
71 silly mapToRegistry   scope: null,
71 silly mapToRegistry   name: 'clean-css-brunch',
71 silly mapToRegistry   rawSpec: '',
71 silly mapToRegistry   spec: 'latest',
71 silly mapToRegistry   type: 'tag' }
72 silly mapToRegistry uri http://npm.kroger.com/clean-css-brunch
73 silly fetchNamedPackageData css-brunch
74 silly mapToRegistry name css-brunch
75 silly mapToRegistry using default registry
76 silly mapToRegistry registry http://npm.kroger.com/
77 silly mapToRegistry data Result {
77 silly mapToRegistry   raw: 'css-brunch',
77 silly mapToRegistry   scope: null,
77 silly mapToRegistry   name: 'css-brunch',
77 silly mapToRegistry   rawSpec: '',
77 silly mapToRegistry   spec: 'latest',
77 silly mapToRegistry   type: 'tag' }
78 silly mapToRegistry uri http://npm.kroger.com/css-brunch
79 silly fetchNamedPackageData javascript-brunch
80 silly mapToRegistry name javascript-brunch
81 silly mapToRegistry using default registry
82 silly mapToRegistry registry http://npm.kroger.com/
83 silly mapToRegistry data Result {
83 silly mapToRegistry   raw: 'javascript-brunch',
83 silly mapToRegistry   scope: null,
83 silly mapToRegistry   name: 'javascript-brunch',
83 silly mapToRegistry   rawSpec: '',
83 silly mapToRegistry   spec: 'latest',
83 silly mapToRegistry   type: 'tag' }
84 silly mapToRegistry uri http://npm.kroger.com/javascript-brunch
85 silly fetchNamedPackageData uglify-js-brunch
86 silly mapToRegistry name uglify-js-brunch
87 silly mapToRegistry using default registry
88 silly mapToRegistry registry http://npm.kroger.com/
89 silly mapToRegistry data Result {
89 silly mapToRegistry   raw: 'uglify-js-brunch',
89 silly mapToRegistry   scope: null,
89 silly mapToRegistry   name: 'uglify-js-brunch',
89 silly mapToRegistry   rawSpec: '',
89 silly mapToRegistry   spec: 'latest',
89 silly mapToRegistry   type: 'tag' }
90 silly mapToRegistry uri http://npm.kroger.com/uglify-js-brunch
91 verbose request uri http://npm.kroger.com/babel-brunch
92 verbose request no auth needed
93 info attempt registry request try #1 at 10:16:22 AM
94 verbose request id 23ddc4f9e1de1220
95 http request GET http://npm.kroger.com/babel-brunch
96 verbose request uri http://npm.kroger.com/brunch
97 verbose request no auth needed
98 info attempt registry request try #1 at 10:16:22 AM
99 http request GET http://npm.kroger.com/brunch
100 verbose request uri http://npm.kroger.com/clean-css-brunch
101 verbose request no auth needed
102 info attempt registry request try #1 at 10:16:22 AM
103 http request GET http://npm.kroger.com/clean-css-brunch
104 verbose request uri http://npm.kroger.com/css-brunch
105 verbose request no auth needed
106 info attempt registry request try #1 at 10:16:22 AM
107 http request GET http://npm.kroger.com/css-brunch
108 verbose request uri http://npm.kroger.com/javascript-brunch
109 verbose request no auth needed
110 info attempt registry request try #1 at 10:16:22 AM
111 http request GET http://npm.kroger.com/javascript-brunch
112 verbose request uri http://npm.kroger.com/uglify-js-brunch
113 verbose request no auth needed
114 info attempt registry request try #1 at 10:16:22 AM
115 http request GET http://npm.kroger.com/uglify-js-brunch
116 info retry will retry, error on last attempt: Error: getaddrinfo ENOTFOUND npm.kroger.com npm.kroger.com:80
117 info retry will retry, error on last attempt: Error: getaddrinfo ENOTFOUND npm.kroger.com npm.kroger.com:80
118 info retry will retry, error on last attempt: Error: getaddrinfo ENOTFOUND npm.kroger.com npm.kroger.com:80
119 info retry will retry, error on last attempt: Error: getaddrinfo ENOTFOUND npm.kroger.com npm.kroger.com:80
120 info retry will retry, error on last attempt: Error: getaddrinfo ENOTFOUND npm.kroger.com npm.kroger.com:80
121 info retry will retry, error on last attempt: Error: getaddrinfo ENOTFOUND npm.kroger.com npm.kroger.com:80
122 info attempt registry request try #2 at 10:16:32 AM
123 http request GET http://npm.kroger.com/css-brunch
124 info attempt registry request try #2 at 10:16:32 AM
125 http request GET http://npm.kroger.com/babel-brunch
126 info attempt registry request try #2 at 10:16:32 AM
127 http request GET http://npm.kroger.com/clean-css-brunch
128 info attempt registry request try #2 at 10:16:32 AM
129 http request GET http://npm.kroger.com/brunch
130 info attempt registry request try #2 at 10:16:32 AM
131 http request GET http://npm.kroger.com/javascript-brunch
132 info attempt registry request try #2 at 10:16:32 AM
133 http request GET http://npm.kroger.com/uglify-js-brunch
134 info retry will retry, error on last attempt: Error: getaddrinfo ENOTFOUND npm.kroger.com npm.kroger.com:80
135 info retry will retry, error on last attempt: Error: getaddrinfo ENOTFOUND npm.kroger.com npm.kroger.com:80
136 info retry will retry, error on last attempt: Error: getaddrinfo ENOTFOUND npm.kroger.com npm.kroger.com:80
137 info retry will retry, error on last attempt: Error: getaddrinfo ENOTFOUND npm.kroger.com npm.kroger.com:80
138 info retry will retry, error on last attempt: Error: getaddrinfo ENOTFOUND npm.kroger.com npm.kroger.com:80
139 info retry will retry, error on last attempt: Error: getaddrinfo ENOTFOUND npm.kroger.com npm.kroger.com:80
140 info attempt registry request try #3 at 10:17:32 AM
141 http request GET http://npm.kroger.com/babel-brunch
142 info attempt registry request try #3 at 10:17:32 AM
143 http request GET http://npm.kroger.com/css-brunch
144 info attempt registry request try #3 at 10:17:32 AM
145 http request GET http://npm.kroger.com/clean-css-brunch
146 info attempt registry request try #3 at 10:17:32 AM
147 http request GET http://npm.kroger.com/brunch
148 info attempt registry request try #3 at 10:17:32 AM
149 http request GET http://npm.kroger.com/javascript-brunch
150 info attempt registry request try #3 at 10:17:32 AM
151 http request GET http://npm.kroger.com/uglify-js-brunch
152 silly fetchPackageMetaData Error: getaddrinfo ENOTFOUND npm.kroger.com npm.kroger.com:80
152 silly fetchPackageMetaData     at errnoException (dns.js:26:10)
152 silly fetchPackageMetaData     at GetAddrInfoReqWrap.onlookup [as oncomplete] (dns.js:77:26)
152 silly fetchPackageMetaData  error for babel-brunch@~6.0.0 { [Error: getaddrinfo ENOTFOUND npm.kroger.com npm.kroger.com:80]
152 silly fetchPackageMetaData   code: 'ENOTFOUND',
152 silly fetchPackageMetaData   errno: 'ENOTFOUND',
152 silly fetchPackageMetaData   syscall: 'getaddrinfo',
152 silly fetchPackageMetaData   hostname: 'npm.kroger.com',
152 silly fetchPackageMetaData   host: 'npm.kroger.com',
152 silly fetchPackageMetaData   port: 80 }
153 silly fetchPackageMetaData Error: getaddrinfo ENOTFOUND npm.kroger.com npm.kroger.com:80
153 silly fetchPackageMetaData     at errnoException (dns.js:26:10)
153 silly fetchPackageMetaData     at GetAddrInfoReqWrap.onlookup [as oncomplete] (dns.js:77:26)
153 silly fetchPackageMetaData  error for css-brunch@~2.0.0 { [Error: getaddrinfo ENOTFOUND npm.kroger.com npm.kroger.com:80]
153 silly fetchPackageMetaData   code: 'ENOTFOUND',
153 silly fetchPackageMetaData   errno: 'ENOTFOUND',
153 silly fetchPackageMetaData   syscall: 'getaddrinfo',
153 silly fetchPackageMetaData   hostname: 'npm.kroger.com',
153 silly fetchPackageMetaData   host: 'npm.kroger.com',
153 silly fetchPackageMetaData   port: 80 }
154 silly fetchPackageMetaData Error: getaddrinfo ENOTFOUND npm.kroger.com npm.kroger.com:80
154 silly fetchPackageMetaData     at errnoException (dns.js:26:10)
154 silly fetchPackageMetaData     at GetAddrInfoReqWrap.onlookup [as oncomplete] (dns.js:77:26)
154 silly fetchPackageMetaData  error for clean-css-brunch@~2.0.0 { [Error: getaddrinfo ENOTFOUND npm.kroger.com npm.kroger.com:80]
154 silly fetchPackageMetaData   code: 'ENOTFOUND',
154 silly fetchPackageMetaData   errno: 'ENOTFOUND',
154 silly fetchPackageMetaData   syscall: 'getaddrinfo',
154 silly fetchPackageMetaData   hostname: 'npm.kroger.com',
154 silly fetchPackageMetaData   host: 'npm.kroger.com',
154 silly fetchPackageMetaData   port: 80 }
155 silly fetchPackageMetaData Error: getaddrinfo ENOTFOUND npm.kroger.com npm.kroger.com:80
155 silly fetchPackageMetaData     at errnoException (dns.js:26:10)
155 silly fetchPackageMetaData     at GetAddrInfoReqWrap.onlookup [as oncomplete] (dns.js:77:26)
155 silly fetchPackageMetaData  error for brunch@2.7.4 { [Error: getaddrinfo ENOTFOUND npm.kroger.com npm.kroger.com:80]
155 silly fetchPackageMetaData   code: 'ENOTFOUND',
155 silly fetchPackageMetaData   errno: 'ENOTFOUND',
155 silly fetchPackageMetaData   syscall: 'getaddrinfo',
155 silly fetchPackageMetaData   hostname: 'npm.kroger.com',
155 silly fetchPackageMetaData   host: 'npm.kroger.com',
155 silly fetchPackageMetaData   port: 80 }
156 silly fetchPackageMetaData Error: getaddrinfo ENOTFOUND npm.kroger.com npm.kroger.com:80
156 silly fetchPackageMetaData     at errnoException (dns.js:26:10)
156 silly fetchPackageMetaData     at GetAddrInfoReqWrap.onlookup [as oncomplete] (dns.js:77:26)
156 silly fetchPackageMetaData  error for javascript-brunch@~2.0.0 { [Error: getaddrinfo ENOTFOUND npm.kroger.com npm.kroger.com:80]
156 silly fetchPackageMetaData   code: 'ENOTFOUND',
156 silly fetchPackageMetaData   errno: 'ENOTFOUND',
156 silly fetchPackageMetaData   syscall: 'getaddrinfo',
156 silly fetchPackageMetaData   hostname: 'npm.kroger.com',
156 silly fetchPackageMetaData   host: 'npm.kroger.com',
156 silly fetchPackageMetaData   port: 80 }
157 silly fetchPackageMetaData Error: getaddrinfo ENOTFOUND npm.kroger.com npm.kroger.com:80
157 silly fetchPackageMetaData     at errnoException (dns.js:26:10)
157 silly fetchPackageMetaData     at GetAddrInfoReqWrap.onlookup [as oncomplete] (dns.js:77:26)
157 silly fetchPackageMetaData  error for uglify-js-brunch@~2.0.1 { [Error: getaddrinfo ENOTFOUND npm.kroger.com npm.kroger.com:80]
157 silly fetchPackageMetaData   code: 'ENOTFOUND',
157 silly fetchPackageMetaData   errno: 'ENOTFOUND',
157 silly fetchPackageMetaData   syscall: 'getaddrinfo',
157 silly fetchPackageMetaData   hostname: 'npm.kroger.com',
157 silly fetchPackageMetaData   host: 'npm.kroger.com',
157 silly fetchPackageMetaData   port: 80 }
158 silly rollbackFailedOptional Starting
159 silly rollbackFailedOptional Finishing
160 silly runTopLevelLifecycles Starting
161 silly runTopLevelLifecycles Finishing
162 silly install printInstalled
163 verbose stack Error: getaddrinfo ENOTFOUND npm.kroger.com npm.kroger.com:80
163 verbose stack     at errnoException (dns.js:26:10)
163 verbose stack     at GetAddrInfoReqWrap.onlookup [as oncomplete] (dns.js:77:26)
164 verbose cwd /Users/kon4244/dev/ex_store_locator
165 error Darwin 14.5.0
166 error argv "/usr/local/Cellar/node/5.10.0/bin/node" "/usr/local/bin/npm" "install"
167 error node v5.10.0
168 error npm  v3.8.3
169 error code ENOTFOUND
170 error errno ENOTFOUND
171 error syscall getaddrinfo
172 error network getaddrinfo ENOTFOUND npm.kroger.com npm.kroger.com:80
173 error network This is most likely not a problem with npm itself
173 error network and is related to network connectivity.
173 error network In most cases you are behind a proxy or have bad network settings.
173 error network
173 error network If you are behind a proxy, please make sure that the
173 error network 'proxy' config is set properly.  See: 'npm help config'
174 verbose exit [ 1, true ]
